<?xml version="1.0" encoding="UTF-8"?>
<!-- Generated by org.testng.reporters.JUnitReportReporter -->
<testsuite hostname="R-LAPTOP" failures="0" tests="1" name="com.demo_task.testsuite.ClothingPageTest" time="9.905" errors="0" timestamp="2024-05-19T13:17:38 BST" skipped="0">
  <testcase classname="com.demo_task.testsuite.ClothingPageTest" name="verifyNavigateToClothingPage" time="9.905"/>
</testsuite> <!-- com.demo_task.testsuite.ClothingPageTest -->
